Discord 0.0.24
Quitting secondary instance.

(discord:37425): Gtk-WARNING **: 00:45:30.752: Theme parsing error: gtk.css:7190:16: Junk at end of value for color

(discord:37425): Gtk-WARNING **: 00:45:30.752: Theme parsing error: gtk.css:7237:15: unknown value for property

(discord:37425): Gtk-WARNING **: 00:45:30.753: Theme parsing error: gtk.css:7284:5: 'boder' is not a valid property name

(discord:37425): Gtk-WARNING **: 00:45:30.753: Theme parsing error: gtk.css:7329:0: Expected a valid selector

(discord:37425): Gtk-WARNING **: 00:45:30.761: Theme parsing error: gtk.css:10832:13: Not using units is deprecated. Assuming 'px'.

(discord:37425): Gtk-WARNING **: 00:45:30.761: Theme parsing error: gtk.css:10874:17: Not using units is deprecated. Assuming 'px'.

(discord:37425): Gtk-WARNING **: 00:45:30.761: Theme parsing error: gtk.css:10940:17: Not using units is deprecated. Assuming 'px'.
Discord 0.0.24

(discord:37542): Gtk-WARNING **: 00:45:40.884: Theme parsing error: gtk.css:7190:16: Junk at end of value for color

(discord:37542): Gtk-WARNING **: 00:45:40.884: Theme parsing error: gtk.css:7237:15: unknown value for property

(discord:37542): Gtk-WARNING **: 00:45:40.884: Theme parsing error: gtk.css:7284:5: 'boder' is not a valid property name

(discord:37542): Gtk-WARNING **: 00:45:40.884: Theme parsing error: gtk.css:7329:0: Expected a valid selector

(discord:37542): Gtk-WARNING **: 00:45:40.890: Theme parsing error: gtk.css:10832:13: Not using units is deprecated. Assuming 'px'.

(discord:37542): Gtk-WARNING **: 00:45:40.890: Theme parsing error: gtk.css:10874:17: Not using units is deprecated. Assuming 'px'.

(discord:37542): Gtk-WARNING **: 00:45:40.890: Theme parsing error: gtk.css:10940:17: Not using units is deprecated. Assuming 'px'.
Starting app.
Starting updater.
[Modules] Modules initializing
[Modules] Distribution: remote
[Modules] Host updates: enabled
[Modules] Module updates: enabled
[Modules] Module install path: /home/catsoup/.config/discord/0.0.24/modules
[Modules] Module installed file path: /home/catsoup/.config/discord/0.0.24/modules/installed.json
[Modules] Module download path: /home/catsoup/.config/discord/0.0.24/modules/pending
[Modules] No updates to install
[Modules] Checking for host updates.
[Modules] Host is up to date.
[Modules] Checking for module updates at https://discord.com/api/modules/stable/versions.json
[Modules] No module updates available.
Optional module ./ElectronTestRpc was not included.
[Modules] Checking for host updates.
[Modules] Host is up to date.
[Modules] Checking for module updates at https://discord.com/api/modules/stable/versions.json
[Modules] No module updates available.
(node:37647) MaxListenersExceededWarning: Possible EventEmitter memory leak detected. 11 resume listeners added to [EventEmitter]. Use emitter.setMaxListeners() to increase limit
(Use `exe --trace-warnings ...` to show where the warning was created)
[Modules] Checking for host updates.
[Modules] Host is up to date.
[Modules] Checking for module updates at https://discord.com/api/modules/stable/versions.json
[Modules] No module updates available.
